<?xml version="1.0" encoding="UTF-8"?>
<testsuite name="Download pdf file from Banistmo" tests="1" skipped="0" failures="0" errors="0" timestamp="2022-10-21T13:06:14" hostname="DESKTOP-40QJVEB" time="85.539">
  <properties/>
  <testcase name="Search the PDF file" classname="Download pdf file from Banistmo" time="85.539"/>
  <system-out><![CDATA[]]></system-out>
  <system-err><![CDATA[oct 21, 2022 8:06:15 AM org.openqa.selenium.remote.DesiredCapabilities chrome
INFORMACIÓN: Using `new ChromeOptions()` is preferred to `DesiredCapabilities.chrome()`
Starting ChromeDriver 106.0.5249.61 (511755355844955cd3e264779baf0dd38212a4d0-refs/branch-heads/5249@{#569}) on port 31695
Only local connections are allowed.
Please see https://chromedriver.chromium.org/security-considerations for suggestions on keeping ChromeDriver safe.
ChromeDriver was started successfully.
oct 21, 2022 8:06:17 AM org.openqa.selenium.remote.ProtocolHandshake createSession
INFORMACIÓN: Detected dialect: W3C
[Test worker] INFO net.serenitybdd.core.Serenity - 
        __    _____ _____ ____ _____   ____   _    ____  ____  _____ ____  
  _     \ \  |_   _| ____/ ___|_   _| |  _ \ / \  / ___|/ ___|| ____|  _ \ 
 (_)_____| |   | | |  _| \___ \ | |   | |_) / _ \ \___ \\___ \|  _| | | | |
  _|_____| |   | | | |___ ___) || |   |  __/ ___ \ ___) |___) | |___| |_| |
 (_)     | |   |_| |_____|____/ |_|   |_| /_/   \_\____/|____/|_____|____/ 
        /_/                                                                

TEST PASSED: Search the PDF file
----------------------------------------------------------------------------
]]></system-err>
</testsuite>
